# JRE version: OpenJDK Runtime Environment (8.0_152-b02) (build 1.8.0_152-release-1024-b02)
# Java VM: OpenJDK 64-Bit Server VM (25.152-b02 mixed mode windows-amd64 compressed oops)
Heap:
 PSYoungGen      total 361472K, used 5060K [0x00000000e0000000, 0x00000000fc000000, 0x0000000100000000)
  eden space 356352K, 0% used [0x00000000e0000000,0x00000000e0000000,0x00000000f5c00000)
  from space 5120K, 98% used [0x00000000f9880000,0x00000000f9d71148,0x00000000f9d80000)
  to   space 25600K, 0% used [0x00000000fa700000,0x00000000fa700000,0x00000000fc000000)
 ParOldGen       total 138240K, used 74638K [0x00000000a0000000, 0x00000000a8700000, 0x00000000e0000000)
  object space 138240K, 53% used [0x00000000a0000000,0x00000000a48e3990,0x00000000a8700000)
 Metaspace       used 91946K, capacity 98364K, committed 98380K, reserved 1134592K
  class space    used 11600K, capacity 12785K, committed 12800K, reserved 1048576K
GC Heap History (10 events):
Event: 6135.445 GC heap after
Heap after GC invocations=36 (full 3):
 PSYoungGen      total 449536K, used 7872K [0x00000000e0000000, 0x00000000ff580000, 0x0000000100000000)
  eden space 419840K, 0% used [0x00000000e0000000,0x00000000e0000000,0x00000000f9a00000)
  from space 29696K, 26% used [0x00000000f9a00000,0x00000000fa1b00b8,0x00000000fb700000)
  to   space 28672K, 0% used [0x00000000fd980000,0x00000000fd980000,0x00000000ff580000)
 ParOldGen       total 138240K, used 74606K [0x00000000a0000000, 0x00000000a8700000, 0x00000000e0000000)
  object space 138240K, 53% used [0x00000000a0000000,0x00000000a48db990,0x00000000a8700000)
 Metaspace       used 89073K, capacity 93752K, committed 93912K, reserved 1130496K
  class space    used 11303K, capacity 12247K, committed 12288K, reserved 1048576K
}
Event: 6499.892 GC heap before
{Heap before GC invocations=37 (full 3):
 PSYoungGen      total 449536K, used 427712K [0x00000000e0000000, 0x00000000ff580000, 0x0000000100000000)
  eden space 419840K, 100% used [0x00000000e0000000,0x00000000f9a00000,0x00000000f9a00000)
  from space 29696K, 26% used [0x00000000f9a00000,0x00000000fa1b00b8,0x00000000fb700000)
  to   space 28672K, 0% used [0x00000000fd980000,0x00000000fd980000,0x00000000ff580000)
 ParOldGen       total 138240K, used 74606K [0x00000000a0000000, 0x00000000a8700000, 0x00000000e0000000)
  object space 138240K, 53% used [0x00000000a0000000,0x00000000a48db990,0x00000000a8700000)
 Metaspace       used 90497K, capacity 95968K, committed 96344K, reserved 1132544K
  class space    used 11459K, capacity 12547K, committed 12672K, reserved 1048576K
Event: 6499.942 GC heap after
Heap after GC invocations=37 (full 3):
 PSYoungGen      total 414720K, used 11774K [0x00000000e0000000, 0x00000000fe500000, 0x0000000100000000)
  eden space 402944K, 0% used [0x00000000e0000000,0x00000000e0000000,0x00000000f8980000)
  from space 11776K, 99% used [0x00000000fd980000,0x00000000fe4ffa50,0x00000000fe500000)
  to   space 27136K, 0% used [0x00000000fb000000,0x00000000fb000000,0x00000000fca80000)
 ParOldGen       total 138240K, used 74614K [0x00000000a0000000, 0x00000000a8700000, 0x00000000e0000000)
  object space 138240K, 53% used [0x00000000a0000000,0x00000000a48dd990,0x00000000a8700000)
 Metaspace       used 90497K, capacity 95968K, committed 96344K, reserved 1132544K
  class space    used 11459K, capacity 12547K, committed 12672K, reserved 1048576K
}
Event: 8672.846 GC heap before
{Heap before GC invocations=38 (full 3):
 PSYoungGen      total 414720K, used 414718K [0x00000000e0000000, 0x00000000fe500000, 0x0000000100000000)
  eden space 402944K, 100% used [0x00000000e0000000,0x00000000f8980000,0x00000000f8980000)
  from space 11776K, 99% used [0x00000000fd980000,0x00000000fe4ffa50,0x00000000fe500000)
  to   space 27136K, 0% used [0x00000000fb000000,0x00000000fb000000,0x00000000fca80000)
 ParOldGen       total 138240K, used 74614K [0x00000000a0000000, 0x00000000a8700000, 0x00000000e0000000)
  object space 138240K, 53% used [0x00000000a0000000,0x00000000a48dd990,0x00000000a8700000)
 Metaspace       used 90965K, capacity 96726K, committed 96856K, reserved 1134592K
  class space    used 11491K, capacity 12598K, committed 12672K, reserved 1048576K
Event: 8672.908 GC heap after
Heap after GC invocations=38 (full 3):
 PSYoungGen      total 402432K, used 15424K [0x00000000e0000000, 0x00000000fda00000, 0x0000000100000000)
  eden space 386560K, 0% used [0x00000000e0000000,0x00000000e0000000,0x00000000f7980000)
  from space 15872K, 97% used [0x00000000fb000000,0x00000000fbf100d0,0x00000000fbf80000)
  to   space 27136K, 0% used [0x00000000fbf80000,0x00000000fbf80000,0x00000000fda00000)
 ParOldGen       total 138240K, used 74622K [0x00000000a0000000, 0x00000000a8700000, 0x00000000e0000000)
  object space 138240K, 53% used [0x00000000a0000000,0x00000000a48df990,0x00000000a8700000)
 Metaspace       used 90965K, capacity 96726K, committed 96856K, reserved 1134592K
  class space    used 11491K, capacity 12598K, committed 12672K, reserved 1048576K
}
Event: 8683.214 GC heap before
{Heap before GC invocations=39 (full 3):
 PSYoungGen      total 402432K, used 401089K [0x00000000e0000000, 0x00000000fda00000, 0x0000000100000000)
  eden space 386560K, 99% used [0x00000000e0000000,0x00000000f78a0578,0x00000000f7980000)
  from space 15872K, 97% used [0x00000000fb000000,0x00000000fbf100d0,0x00000000fbf80000)
  to   space 27136K, 0% used [0x00000000fbf80000,0x00000000fbf80000,0x00000000fda00000)
 ParOldGen       total 138240K, used 74622K [0x00000000a0000000, 0x00000000a8700000, 0x00000000e0000000)
  object space 138240K, 53% used [0x00000000a0000000,0x00000000a48df990,0x00000000a8700000)
 Metaspace       used 91329K, capacity 97088K, committed 97368K, reserved 1134592K
  class space    used 11502K, capacity 12605K, committed 12672K, reserved 1048576K
Event: 8683.246 GC heap after
Heap after GC invocations=39 (full 3):
 PSYoungGen      total 382464K, used 11218K [0x00000000e0000000, 0x00000000fca80000, 0x0000000100000000)
  eden space 371200K, 0% used [0x00000000e0000000,0x00000000e0000000,0x00000000f6a80000)
  from space 11264K, 99% used [0x00000000fbf80000,0x00000000fca74b00,0x00000000fca80000)
  to   space 25600K, 0% used [0x00000000f9880000,0x00000000f9880000,0x00000000fb180000)
 ParOldGen       total 138240K, used 74630K [0x00000000a0000000, 0x00000000a8700000, 0x00000000e0000000)
  object space 138240K, 53% used [0x00000000a0000000,0x00000000a48e1990,0x00000000a8700000)
 Metaspace       used 91329K, capacity 97088K, committed 97368K, reserved 1134592K
  class space    used 11502K, capacity 12605K, committed 12672K, reserved 1048576K
}
Event: 9043.892 GC heap before
{Heap before GC invocations=40 (full 3):
 PSYoungGen      total 382464K, used 378056K [0x00000000e0000000, 0x00000000fca80000, 0x0000000100000000)
  eden space 371200K, 98% used [0x00000000e0000000,0x00000000f663d708,0x00000000f6a80000)
  from space 11264K, 99% used [0x00000000fbf80000,0x00000000fca74b00,0x00000000fca80000)
  to   space 25600K, 0% used [0x00000000f9880000,0x00000000f9880000,0x00000000fb180000)
 ParOldGen       total 138240K, used 74630K [0x00000000a0000000, 0x00000000a8700000, 0x00000000e0000000)
  object space 138240K, 53% used [0x00000000a0000000,0x00000000a48e1990,0x00000000a8700000)
 Metaspace       used 91946K, capacity 98364K, committed 98380K, reserved 1134592K
  class space    used 11600K, capacity 12785K, committed 12800K, reserved 1048576K
Event: 9043.936 GC heap after
Heap after GC invocations=40 (full 3):
 PSYoungGen      total 361472K, used 5060K [0x00000000e0000000, 0x00000000fc000000, 0x0000000100000000)
  eden space 356352K, 0% used [0x00000000e0000000,0x00000000e0000000,0x00000000f5c00000)
  from space 5120K, 98% used [0x00000000f9880000,0x00000000f9d71148,0x00000000f9d80000)
  to   space 25600K, 0% used [0x00000000fa700000,0x00000000fa700000,0x00000000fc000000)
 ParOldGen       total 138240K, used 74638K [0x00000000a0000000, 0x00000000a8700000, 0x00000000e0000000)
  object space 138240K, 53% used [0x00000000a0000000,0x00000000a48e3990,0x00000000a8700000)
 Metaspace       used 91946K, capacity 98364K, committed 98380K, reserved 1134592K
  class space    used 11600K, capacity 12785K, committed 12800K, reserved 1048576K
}
Event: 9043.936 GC heap before
{Heap before GC invocations=41 (full 4):
 PSYoungGen      total 361472K, used 5060K [0x00000000e0000000, 0x00000000fc000000, 0x0000000100000000)
  eden space 356352K, 0% used [0x00000000e0000000,0x00000000e0000000,0x00000000f5c00000)
  from space 5120K, 98% used [0x00000000f9880000,0x00000000f9d71148,0x00000000f9d80000)
  to   space 25600K, 0% used [0x00000000fa700000,0x00000000fa700000,0x00000000fc000000)
 ParOldGen       total 138240K, used 74638K [0x00000000a0000000, 0x00000000a8700000, 0x00000000e0000000)
  object space 138240K, 53% used [0x00000000a0000000,0x00000000a48e3990,0x00000000a8700000)
 Metaspace       used 91946K, capacity 98364K, committed 98380K, reserved 1134592K
  class space    used 11600K, capacity 12785K, committed 12800K, reserved 1048576K

